Arguments: 
  D:\Software\nodejs\node.exe D:\Software\yarn\bin\yarn.js add git oppen

PATH: 
  C:\Users\20264\bin;D:\cmder\bin;D:\cmder\vendor\bin;D:\cmder\vendor\git-for-windows\bin;D:\cmder\vendor\git-for-windows\mingw64\bin;D:\cmder\vendor\git-for-windows\usr\local\bin;D:\cmder\vendor\git-for-windows\usr\bin;D:\cmder\vendor\git-for-windows\usr\bin;D:\cmder\vendor\git-for-windows\mingw64\bin;D:\cmder\vendor\git-for-windows\usr\bin;C:\Users\20264\bin;D:\cmder\vendor\conemu-maximus5\ConEmu\Scripts;D:\cmder\vendor\conemu-maximus5;D:\cmder\vendor\conemu-maximus5\ConEmu;D:\cmder;C:\Program Files\Python36;C:\Program Files\Python39\Scripts;C:\Program Files\Python39;C:\Windows\system32;C:\Windows;C:\Windows\System32\Wbem;C:\Windows\System32\WindowsPowerShell\v1.0;C:\Windows\System32\OpenSSH;C:\Program Files (x86)\NVIDIA Corporation\PhysX\Common;C:\Program Files\NVIDIA Corporation\NVIDIA NvDLISR;D:\Software\yarn\bin;D:\Software\nodejs;%SystemRoot%\system32;%SystemRoot%;%SystemRoot%\System32\Wbem;%SYSTEMROOT%\System32\WindowsPowerShell\v1.0;%SYSTEMROOT%\System32\OpenSSH;C:\Users\20264\AppData\Local\Microsoft\WindowsApps;C:\Program Files\JetBrains\PyCharm Community Edition 2019.1.2\bin;D:\软件\Microsoft VS Code\bin;C:\Users\20264\AppData\Local\Yarn\bin;C:\Users\20264\AppData\Roaming\npm;D:\Software\WebStorm 2020.3\bin;C:\Users\20264\Desktop\new study\lllgp;D:\cmder;D:\cmder\vendor\git-for-windows\usr\bin\vendor_perl;D:\cmder\vendor\git-for-windows\usr\bin\core_perl

Yarn version: 
  1.22.5

Node version: 
  14.14.0

Platform: 
  win32 x64

Trace: 
  Error: https://registry.npmjs.org/oppen: Not found
      at Request.params.callback [as _callback] (D:\Software\yarn\lib\cli.js:66097:18)
      at Request.self.callback (D:\Software\yarn\lib\cli.js:140749:22)
      at Request.emit (events.js:315:20)
      at Request.<anonymous> (D:\Software\yarn\lib\cli.js:141721:10)
      at Request.emit (events.js:315:20)
      at IncomingMessage.<anonymous> (D:\Software\yarn\lib\cli.js:141643:12)
      at Object.onceWrapper (events.js:421:28)
      at IncomingMessage.emit (events.js:327:22)
      at endReadableNT (_stream_readable.js:1327:12)
      at processTicksAndRejections (internal/process/task_queues.js:80:21)

npm manifest: 
  No manifest

yarn manifest: 
  No manifest

Lockfile: 
  No lockfile
